<?xml version="1.0" encoding="UTF-8"?>
<!-- Generated by org.testng.reporters.JUnitReportReporter -->
<testsuite hostname="DESKTOP-P67V976" failures="0" tests="1" name="com.mystore.testcases.LoginPageTest" time="29.770" errors="0" timestamp="2022-07-01T17:37:15 IST" skipped="0">
  <testcase classname="com.mystore.testcases.LoginPageTest" name="loginTest" time="29.770"/>
  <system-out/>
</testsuite> <!-- com.mystore.testcases.LoginPageTest -->
