<?xml version="1.0" encoding="UTF-8"?>
<!-- Generated by org.testng.reporters.JUnitReportReporter -->
<testsuite hostname="DESKTOP-P67V976" failures="0" tests="1" name="com.mystore.testcases.AddToCartPageTest" time="32.914" errors="0" timestamp="2022-07-01T17:37:15 IST" skipped="0">
  <testcase classname="com.mystore.testcases.AddToCartPageTest" name="addToCartTest" time="32.914"/>
  <system-out/>
</testsuite> <!-- com.mystore.testcases.AddToCartPageTest -->
